This is pdfTeXk, Version 3.141592-1.40.3 (Web2C 7.5.6) (format=pdflatex 2010.6.10)  3 JUN 2011 14:43
entering extended mode
 %&-line parsing enabled.
**man_rt42.tex
(./man_rt42.tex
LaTeX2e <2005/12/01>
Babel <v3.8h> and hyphenation patterns for english, usenglishmax, dumylang, noh
yphenation, arabic, basque, bulgarian, coptic, welsh, czech, slovak, german, ng
erman, danish, esperanto, spanish, catalan, galician, estonian, farsi, finnish,
 french, greek, monogreek, ancientgreek, croatian, hungarian, interlingua, ibyc
us, indonesian, icelandic, italian, latin, mongolian, dutch, norsk, polish, por
tuguese, pinyin, romanian, russian, slovenian, uppersorbian, serbian, swedish, 
turkish, ukenglish, ukrainian, loaded.
(/usr/share/texmf/tex/latex/base/report.cls
Document Class: report 2005/09/16 v1.4f Standard LaTeX document class
(/usr/share/texmf/tex/latex/base/size10.clo
File: size10.clo 2005/09/16 v1.4f Standard LaTeX file (size option)
)
\c@part=\count79
\c@chapter=\count80
\c@section=\count81
\c@subsection=\count82
\c@subsubsection=\count83
\c@paragraph=\count84
\c@subparagraph=\count85
\c@figure=\count86
\c@table=\count87
\abovecaptionskip=\skip41
\belowcaptionskip=\skip42
\bibindent=\dimen102
)
(/usr/share/texmf/tex/latex/base/inputenc.sty
Package: inputenc 2006/05/05 v1.1b Input encoding file
\inpenc@prehook=\toks14
\inpenc@posthook=\toks15

(/usr/share/texmf/tex/latex/base/latin1.def
File: latin1.def 2006/05/05 v1.1b Input encoding file
))
(/usr/share/texmf/tex/latex/base/fontenc.sty
Package: fontenc 2005/09/27 v1.99g Standard LaTeX package

(/usr/share/texmf/tex/latex/base/t1enc.def
File: t1enc.def 2005/09/27 v1.99g Standard LaTeX file
LaTeX Font Info:    Redeclaring font encoding T1 on input line 43.
))
(/usr/share/texmf/tex/generic/babel/babel.sty
Package: babel 2005/11/23 v3.8h The Babel package

(/usr/share/texmf/tex/generic/babel/frenchb.ldf
Language: french 2005/02/06 v1.6g French support from the babel system

(/usr/share/texmf/tex/generic/babel/babel.def
File: babel.def 2005/11/23 v3.8h Babel common definitions
\babel@savecnt=\count88
\U@D=\dimen103
)
Package babel Info: Making : an active character on input line 219.
Package babel Info: Making ; an active character on input line 220.
Package babel Info: Making ! an active character on input line 221.
Package babel Info: Making ? an active character on input line 222.
LaTeX Font Info:    Redeclaring font encoding T1 on input line 299.
\parindentFFN=\dimen104
\std@mcc=\count89
\dec@mcc=\count90

*************************************
* Local config file frenchb.cfg used
*
(/usr/share/texmf/tex/generic/babel/frenchb.cfg))) (./man_rt42.aux)
\openout1 = `man_rt42.aux'.

LaTeX Font Info:    Checking defaults for OML/cmm/m/it on input line 7.
LaTeX Font Info:    ... okay on input line 7.
LaTeX Font Info:    Checking defaults for T1/lmr/m/n on input line 7.
LaTeX Font Info:    Try loading font information for T1+lmr on input line 7.

(/usr/share/texmf/tex/latex/lm/t1lmr.fd
File: t1lmr.fd 2007/01/14 v1.3 Font defs for Latin Modern
)
LaTeX Font Info:    ... okay on input line 7.
LaTeX Font Info:    Checking defaults for OT1/cmr/m/n on input line 7.
LaTeX Font Info:    ... okay on input line 7.
LaTeX Font Info:    Checking defaults for OMS/cmsy/m/n on input line 7.
LaTeX Font Info:    ... okay on input line 7.
LaTeX Font Info:    Checking defaults for OMX/cmex/m/n on input line 7.
LaTeX Font Info:    ... okay on input line 7.
LaTeX Font Info:    Checking defaults for U/cmr/m/n on input line 7.
LaTeX Font Info:    ... okay on input line 7.
LaTeX Info: Redefining \dots on input line 7.
 (./man_rt42.toc
LaTeX Font Info:    External font `cmex10' loaded for size
(Font)              <7> on input line 4.
LaTeX Font Info:    External font `cmex10' loaded for size
(Font)              <5> on input line 4.
 [1


{/usr/share/texmf/fonts/map/pdftex/updmap/pdftex.map}])
\tf@toc=\write3
\openout3 = `man_rt42.toc'.

 [2] [3

]
Chapitre 1.

Overfull \hbox (1.52771pt too wide) in paragraph at lines 20--21
[]\T1/cmr/m/n/10 même mé-thode que les modes li-néaires sauf
 []

[4

] [5]
Chapitre 2.
[6

]
Chapitre 3.
[7

]
Chapitre 4.
[8

]
Chapitre 5.
[9

] [10

]
Chapitre 6.
[11

]
Chapitre 7.
[12

]
Chapitre 8.
[13

] [14

]
Chapitre 9.
[15

]
Chapitre 10.
[16

] [17

]
Chapitre 11.

Overfull \hbox (7.55646pt too wide) in paragraph at lines 142--145
[]\T1/cmr/m/n/10 Les ma-té-riaux doivent être dé-cla-rés entre les ba-lises <ma
-te-rials></materials>
 []

[18

] [19]
Chapitre 12.

Overfull \hbox (20.33006pt too wide) in paragraph at lines 163--164
[]\T1/cmr/m/n/10 Avec la ba-lise <po-si-tion> sous la forme <po-si-tion>x,y,z</
position>. 
 []


Overfull \hbox (30.77057pt too wide) in paragraph at lines 164--165
[]\T1/cmr/m/n/10 Avec la ba-lise <ro-ta-tion type="degree" ou "ra-dian">x,y,z</
rotation>. 
 []


Overfull \hbox (33.60199pt too wide) in paragraph at lines 167--169
\T1/cmr/m/n/10 Les cy-lindres et les cônes se dé-fi-nissent de la même ma-nière
 en dé-cla-rant type="cylinder"
 []


Overfull \hbox (20.33006pt too wide) in paragraph at lines 173--174
[]\T1/cmr/m/n/10 Avec la ba-lise <po-si-tion> sous la forme <po-si-tion>x,y,z</
position>. 
 []


Overfull \hbox (30.77057pt too wide) in paragraph at lines 174--175
[]\T1/cmr/m/n/10 Avec la ba-lise <ro-ta-tion type="degree" ou "ra-dian">x,y,z</
rotation>. 
 []

[20

]
Overfull \hbox (20.33006pt too wide) in paragraph at lines 180--181
[]\T1/cmr/m/n/10 Avec la ba-lise <po-si-tion> sous la forme <po-si-tion>x,y,z</
position>. 
 []


Overfull \hbox (30.77057pt too wide) in paragraph at lines 181--182
[]\T1/cmr/m/n/10 Avec la ba-lise <ro-ta-tion type="degree" ou "ra-dian">x,y,z</
rotation>. 
 []


Overfull \hbox (20.33006pt too wide) in paragraph at lines 189--190
[]\T1/cmr/m/n/10 Avec la ba-lise <po-si-tion> sous la forme <po-si-tion>x,y,z</
position>. 
 []


Overfull \hbox (30.77057pt too wide) in paragraph at lines 190--191
[]\T1/cmr/m/n/10 Avec la ba-lise <ro-ta-tion type="degree" ou "ra-dian">x,y,z</
rotation>. 
 []

[21]
Chapitre 13.

Overfull \hbox (1.49994pt too wide) in paragraph at lines 202--203
[]\T1/cmr/m/n/10 Avec la ba-lise <co-lor>R,G,B</color> ou <co-lor>hexa</color>.
 
 []


Overfull \hbox (68.65265pt too wide) in paragraph at lines 207--209
[]\T1/cmr/m/n/10 Pour dé-cla-rer une lu-mière avec un pa-ral-le-lo-gramme on ut
i-lise <light type="parallelogram">.
 []


Overfull \hbox (59.40385pt too wide) in paragraph at lines 211--212
[]\T1/cmr/m/n/10 Avec les ba-lises <vec-tor1>x,y,z</vector1> et <vec-tor2>x,y,z
</vector2>. 
 []


Overfull \hbox (1.49994pt too wide) in paragraph at lines 212--213
[]\T1/cmr/m/n/10 Avec la ba-lise <co-lor>R,G,B</color> ou <co-lor>hexa</color>.
 
 []

[22

] (./man_rt42.aux) ) 
Here is how much of TeX's memory you used:
 1074 strings out of 256216
 12116 string characters out of 1917072
 67354 words of memory out of 1500000
 4404 multiletter control sequences out of 10000+200000
 11358 words of font info for 24 fonts, out of 1200000 for 2000
 645 hyphenation exceptions out of 8191
 24i,4n,24p,295b,273s stack positions out of 5000i,500n,6000p,200000b,15000s
 </home/laviss_f/.texlive2007/texmf-var/fonts/pk/ljfour/jkn
appen/ec/ecbx1440.600pk> </home/laviss_f/.texlive2007/texmf-var/fonts/pk/ljfour
/jknappen/ec/ecbx2074.600pk> </home/laviss_f/.texlive2007/texmf-var/fonts/pk/lj
four/jknappen/ec/ecrm1000.600pk> </home/laviss_f/.texlive2007/texmf-var/fonts/p
k/ljfour/jknappen/ec/ecbx1000.600pk> </home/laviss_f/.texlive2007/texmf-var/fon
ts/pk/ljfour/jknappen/ec/ecbx1200.600pk> </home/laviss_f/.texlive2007/texmf-var
/fonts/pk/ljfour/jknappen/ec/ecbx2488.600pk>
Output written on man_rt42.pdf (22 pages, 134791 bytes).
PDF statistics:
 392 PDF objects out of 1000 (max. 8388607)
 0 named destinations out of 1000 (max. 131072)
 1 words of extra memory for PDF output out of 10000 (max. 10000000)

